{"numFailedTestSuites":0,"numFailedTests":0,"numPassedTestSuites":3,"numPassedTests":4,"numPendingTestSuites":0,"numPendingTests":0,"numRuntimeErrorTestSuites":0,"numTodoTests":0,"numTotalTestSuites":3,"numTotalTests":4,"openHandles":[],"snapshot":{"added":0,"didUpdate":false,"failure":false,"filesAdded":0,"filesRemoved":0,"filesRemovedList":[],"filesUnmatched":0,"filesUpdated":0,"matched":0,"total":0,"unchecked":0,"uncheckedKeysByFile":[],"unmatched":0,"updated":0},"startTime":1748573602486,"success":true,"testResults":[{"assertionResults":[{"ancestorTitles":["Home Page"],"failureMessages":[],"fullName":"Home Page renders home page content","location":null,"status":"passed","title":"renders home page content"}],"endTime":1748573603054,"message":"","name":"/Users/zzz/Desktop/950-1/frontend/src/tests/tasklist.test.js","startTime":1748573602681,"status":"passed","summary":""},{"assertionResults":[{"ancestorTitles":["Authentication Tests"],"failureMessages":[],"fullName":"Authentication Tests TC-004: Valid Login","location":null,"status":"passed","title":"TC-004: Valid Login"},{"ancestorTitles":["Authentication Tests"],"failureMessages":[],"fullName":"Authentication Tests TC-005: Invalid Password","location":null,"status":"passed","title":"TC-005: Invalid Password"}],"endTime":1748573603234,"message":"","name":"/Users/zzz/Desktop/950-1/frontend/src/tests/auth.test.js","startTime":1748573603101,"status":"passed","summary":""},{"assertionResults":[{"ancestorTitles":["Register Page"],"failureMessages":[],"fullName":"Register Page renders register form","location":null,"status":"passed","title":"renders register form"}],"endTime":1748573603333,"message":"","name":"/Users/zzz/Desktop/950-1/frontend/src/tests/register.test.js","startTime":1748573603244,"status":"passed","summary":""}],"wasInterrupted":false}